#
# A fatal error has been detected by the Java Runtime Environment:
#
#  EXCEPTION_ACCESS_VIOLATION (0xc0000005) at pc=0x000001ff7f9c1066, pid=7396, tid=0x00000000000045b0
#
# JRE version: Java(TM) SE Runtime Environment (8.0_411) (build 1.8.0_411-b09)
# Java VM: Java HotSpot(TM) 64-Bit Server VM (25.411-b09 mixed mode windows-amd64 compressed oops)
# Problematic frame:
# C  [OpenAL64.dll+0x11066]
#
# Failed to write core dump. Minidumps are not enabled by default on client versions of Windows
#
# If you would like to submit a bug report, please visit:
#   http://bugreport.java.com/bugreport/crash.jsp
# The crash happened outside the Java Virtual Machine in native code.
# See problematic frame for where to report the bug.
#

---------------  T H R E A D  ---------------

Current thread (0x000001ff5deed800):  JavaThread "main" [_thread_in_native, id=17840, stack(0x000000a9b1700000,0x000000a9b1800000)]

siginfo: ExceptionCode=0xc0000005, reading address 0x000001ff7d77a004

Registers:
RAX=0x0000000000140015, RBX=0x000001ff7fbf0090, RCX=0x000001ff7d77a008, RDX=0x000001ff7d77a004
RSP=0x000000a9b17fc6a0, RBP=0x00000000000000ff, RSI=0x000001ff7d76dcfc, RDI=0x0000000000000000
R8 =0x00000000000030c2, R9 =0x000001ff7d76dcfc, R10=0x000001ff5f819a02, R11=0x00007ffedea3e170
R12=0x0000000000000001, R13=0x000001ff7f4b6080, R14=0x000000a9b17fc840, R15=0x000001ff5deed800
RIP=0x000001ff7f9c1066, EFLAGS=0x0000000000010202

Top of Stack: (sp=0x000000a9b17fc6a0)
0x000000a9b17fc6a0:   0000000000000000 000001ff5deed800
0x000000a9b17fc6b0:   000000a9b17fc840 000001ff7f4b6080
0x000000a9b17fc6c0:   000001ff7f4b6080 0000000000000248
0x000000a9b17fc6d0:   000001ff5deed800 0000000000000000
0x000000a9b17fc6e0:   000000a9b17fc808 00007ffede8c78a2
0x000000a9b17fc6f0:   000000a9b17fc720 000001ff5deec9d0
0x000000a9b17fc700:   000001ff7f4b6080 000001ff5deede20
0x000000a9b17fc710:   000001ff5deed800 000000a9b17fc840
0x000000a9b17fc720:   000001ff7f4b6080 0000000000000000
0x000000a9b17fc730:   000001ff7d76dcfc 0000000000000248
0x000000a9b17fc740:   000000a9b17fc808 000001ff7f9c248f
0x000000a9b17fc750:   000001ff7fbf0090 000001ff7fbf0090
0x000000a9b17fc760:   000001ff0000ac44 000001ff00140015
0x000000a9b17fc770:   000001ff5f807f10 000001ff5f819a2e
0x000000a9b17fc780:   000001ff7f4b6080 0000000000000248
0x000000a9b17fc790:   000001ff5f807f10 000001ff5f81973b 

Instructions: (pc=0x000001ff7f9c1066)
0x000001ff7f9c1046:   41 2b ec 81 3a 03 00 02 00 75 09 8b 01 89 84 24
0x000001ff7f9c1056:   c8 00 00 00 49 83 c0 02 48 83 c1 08 4a 8d 14 86
0x000001ff7f9c1066:   39 3a 75 af 4c 8d 84 24 c0 00 00 00 48 8d 15 d7
0x000001ff7f9c1076:   2b 03 00 33 c9 e8 58 5f 00 00 b8 40 1f 00 00 4c 


Register to memory mapping:

RAX=0x0000000000140015 is an unknown value
RBX=0x000001ff7fbf0090 is an unknown value
RCX=0x000001ff7d77a008 is an unknown value
RDX=0x000001ff7d77a004 is an unknown value
RSP=0x000000a9b17fc6a0 is pointing into the stack for thread: 0x000001ff5deed800
RBP=0x00000000000000ff is an unknown value
RSI=0x000001ff7d76dcfc is an unknown value
RDI=0x0000000000000000 is an unknown value
R8 =0x00000000000030c2 is an unknown value
R9 =0x000001ff7d76dcfc is an unknown value
R10=0x000001ff5f819a02 is at code_begin+962 in an Interpreter codelet
method entry point (kind = native)  [0x000001ff5f819640, 0x000001ff5f81a0e0]  2720 bytes
R11=0x00007ffedea3e170 is an unknown value
R12=0x0000000000000001 is an unknown value
R13={method} {0x000001ff7f4b6088} 'nalcCreateContext' '(JJ)J' in 'org/lwjgl/openal/ALC10'
R14=0x000000a9b17fc840 is pointing into the stack for thread: 0x000001ff5deed800
R15=0x000001ff5deed800 is a thread


Stack: [0x000000a9b1700000,0x000000a9b1800000],  sp=0x000000a9b17fc6a0,  free space=1009k
Native frames: (J=compiled Java code, j=interpreted, Vv=VM code, C=native code)
C  [OpenAL64.dll+0x11066]
C  [OpenAL64.dll+0x1248f]
C  0x000001ff5f819a2e

Java frames: (J=compiled Java code, j=interpreted, Vv=VM code)
j  org.lwjgl.openal.ALC10.nalcCreateContext(JJ)J+0
j  org.lwjgl.openal.ALC10.alcCreateContext(Lorg/lwjgl/openal/ALCdevice;Ljava/nio/IntBuffer;)Lorg/lwjgl/openal/ALCcontext;+8
j  org.lwjgl.openal.AL.init(Ljava/lang/String;IIZZ)V+69
j  org.lwjgl.openal.AL.create(Ljava/lang/String;IIZZ)V+246
j  org.lwjgl.openal.AL.create(Ljava/lang/String;IIZ)V+5
j  org.lwjgl.openal.AL.create()V+6
j  com.badlogic.gdx.backends.lwjgl.audio.OpenALAudio.<init>(III)V+114
j  com.badlogic.gdx.backends.lwjgl.LwjglApplication.<init>(Lcom/badlogic/gdx/ApplicationListener;Lcom/badlogic/gdx/backends/lwjgl/LwjglApplicationConfiguration;Lcom/badlogic/gdx/backends/lwjgl/LwjglGraphics;)V+120
j  com.badlogic.gdx.backends.lwjgl.LwjglApplication.<init>(Lcom/badlogic/gdx/ApplicationListener;Lcom/badlogic/gdx/backends/lwjgl/LwjglApplicationConfiguration;)V+11
j  org.uqbar.project.wollok.game.gameboard.WollokGDXApplication.<init>(Lorg/uqbar/project/wollok/game/gameboard/Gameboard;Ljava/lang/Boolean;)V+17
j  org.uqbar.project.wollok.game.helpers.Application.start(Lorg/uqbar/project/wollok/game/gameboard/Gameboard;Ljava/lang/Boolean;)V+5
j  org.uqbar.project.wollok.game.gameboard.Gameboard.start(Ljava/lang/Boolean;)V+13
j  wollok.game.GameObject.doStart(Ljava/lang/Boolean;)V+12
v  ~StubRoutines::call_stub
j  sun.reflect.NativeMethodAccessorImpl.invoke0(Ljava/lang/reflect/Method;Ljava/lang/Object;[Ljava/lang/Object;)Ljava/lang/Object;+0
j  sun.reflect.NativeMethodAccessorImpl.invoke(Ljava/lang/Object;[Ljava/lang/Object;)Ljava/lang/Object;+100
J 2809 C1 sun.reflect.DelegatingMethodAccessorImpl.invoke(Ljava/lang/Object;[Ljava/lang/Object;)Ljava/lang/Object; (10 bytes) @ 0x000001ff601243cc [0x000001ff601242c0+0x10c]
J 2771 C1 java.lang.reflect.Method.invoke(Ljava/lang/Object;[Ljava/lang/Object;)Ljava/lang/Object; (62 bytes) @ 0x000001ff601113d4 [0x000001ff60111000+0x3d4]
j  org.uqbar.project.wollok.ui.utils.XTendUtilExtensions.invokeConvertingArgs(Ljava/lang/reflect/Method;Ljava/lang/Object;[Ljava/lang/Object;)Lorg/uqbar/project/wollok/interpreter/core/WollokObject;+261
j  org.uqbar.project.wollok.interpreter.AbstractWollokCallable._invokeNative(Ljava/lang/Object;Ljava/lang/String;[Lorg/uqbar/project/wollok/interpreter/core/WollokObject;)Lorg/uqbar/project/wollok/interpreter/core/WollokObject;+41
j  org.uqbar.project.wollok.interpreter.AbstractWollokCallable.invokeNative(Ljava/lang/Object;Ljava/lang/String;[Lorg/uqbar/project/wollok/interpreter/core/WollokObject;)Lorg/uqbar/project/wollok/interpreter/core/WollokObject;+26
j  org.uqbar.project.wollok.interpreter.AbstractWollokCallable$1.apply()Lorg/uqbar/project/wollok/interpreter/core/WollokObject;+55
j  org.uqbar.project.wollok.interpreter.AbstractWollokCallable$1.apply()Ljava/lang/Object;+1
j  org.uqbar.project.wollok.interpreter.threads.WThread.performOnStack(Lorg/eclipse/emf/ecore/EObject;Lorg/uqbar/project/wollok/interpreter/context/EvaluationContext;Lorg/eclipse/xtext/xbase/lib/Functions$Function0;)Lorg/uqbar/project/wollok/interpreter/core/WollokObject;+29
j  org.uqbar.project.wollok.interpreter.WollokInterpreter.performOnStack(Lorg/eclipse/emf/ecore/EObject;Lorg/uqbar/project/wollok/interpreter/context/EvaluationContext;Lorg/eclipse/xtext/xbase/lib/Functions$Function0;)Lorg/uqbar/project/wollok/interpreter/core/WollokObject;+7
j  org.uqbar.project.wollok.interpreter.AbstractWollokCallable.call(Lorg/uqbar/project/wollok/wollokDsl/WMethodDeclaration;[Lorg/uqbar/project/wollok/interpreter/core/WollokObject;)Lorg/uqbar/project/wollok/interpreter/core/WollokObject;+38
j  org.uqbar.project.wollok.interpreter.core.WollokObject.call(Ljava/lang/String;[Lorg/uqbar/project/wollok/interpreter/core/WollokObject;)Lorg/uqbar/project/wollok/interpreter/core/WollokObject;+55
j  org.uqbar.project.wollok.interpreter.WollokInterpreterEvaluator._evaluate(Lorg/uqbar/project/wollok/wollokDsl/WFeatureCall;)Lorg/uqbar/project/wollok/interpreter/core/WollokObject;+119
j  org.uqbar.project.wollok.launch.WollokLauncherInterpreterEvaluator.evaluate(Lorg/eclipse/emf/ecore/EObject;)Lorg/uqbar/project/wollok/interpreter/core/WollokObject;+412
j  org.uqbar.project.wollok.interpreter.WollokInterpreterEvaluator.evaluate(Lorg/eclipse/emf/ecore/EObject;)Ljava/lang/Object;+2
j  org.uqbar.project.wollok.interpreter.WollokInterpreter.eval(Lorg/eclipse/emf/ecore/EObject;)Lorg/uqbar/project/wollok/interpreter/core/WollokObject;+63
j  org.uqbar.project.wollok.interpreter.WollokInterpreterEvaluator.eval(Lorg/eclipse/emf/ecore/EObject;)Lorg/uqbar/project/wollok/interpreter/core/WollokObject;+5
j  org.uqbar.project.wollok.interpreter.WollokInterpreterEvaluator$1.apply(Lorg/uqbar/project/wollok/interpreter/core/WollokObject;Lorg/eclipse/emf/ecore/EObject;)Lorg/uqbar/project/wollok/interpreter/core/WollokObject;+5
j  org.uqbar.project.wollok.interpreter.WollokInterpreterEvaluator$1.apply(Ljava/lang/Object;Ljava/lang/Object;)Ljava/lang/Object;+9
j  org.eclipse.xtext.xbase.lib.IteratorExtensions.fold(Ljava/util/Iterator;Ljava/lang/Object;Lorg/eclipse/xtext/xbase/lib/Functions$Function2;)Ljava/lang/Object;+19
j  org.eclipse.xtext.xbase.lib.IterableExtensions.fold(Ljava/lang/Iterable;Ljava/lang/Object;Lorg/eclipse/xtext/xbase/lib/Functions$Function2;)Ljava/lang/Object;+8
j  org.uqbar.project.wollok.interpreter.WollokInterpreterEvaluator.evalAll(Ljava/lang/Iterable;)Lorg/uqbar/project/wollok/interpreter/core/WollokObject;+12
j  org.uqbar.project.wollok.interpreter.WollokInterpreterEvaluator._evaluate(Lorg/uqbar/project/wollok/wollokDsl/WBlockExpression;)Lorg/uqbar/project/wollok/interpreter/core/WollokObject;+34
j  org.uqbar.project.wollok.launch.WollokLauncherInterpreterEvaluator.evaluate(Lorg/eclipse/emf/ecore/EObject;)Lorg/uqbar/project/wollok/interpreter/core/WollokObject;+76
j  org.uqbar.project.wollok.interpreter.WollokInterpreterEvaluator.evaluate(Lorg/eclipse/emf/ecore/EObject;)Ljava/lang/Object;+2
j  org.uqbar.project.wollok.interpreter.WollokInterpreter.eval(Lorg/eclipse/emf/ecore/EObject;)Lorg/uqbar/project/wollok/interpreter/core/WollokObject;+63
j  org.uqbar.project.wollok.interpreter.AbstractWollokCallable.eval(Lorg/eclipse/emf/ecore/EObject;)Lorg/uqbar/project/wollok/interpreter/core/WollokObject;+5
j  org.uqbar.project.wollok.interpreter.AbstractWollokCallable$1.apply()Lorg/uqbar/project/wollok/interpreter/core/WollokObject;+110
j  org.uqbar.project.wollok.interpreter.AbstractWollokCallable$1.apply()Ljava/lang/Object;+1
j  org.uqbar.project.wollok.interpreter.threads.WThread.performOnStack(Lorg/eclipse/emf/ecore/EObject;Lorg/uqbar/project/wollok/interpreter/context/EvaluationContext;Lorg/eclipse/xtext/xbase/lib/Functions$Function0;)Lorg/uqbar/project/wollok/interpreter/core/WollokObject;+29
j  org.uqbar.project.wollok.interpreter.WollokInterpreter.performOnStack(Lorg/eclipse/emf/ecore/EObject;Lorg/uqbar/project/wollok/interpreter/context/EvaluationContext;Lorg/eclipse/xtext/xbase/lib/Functions$Function0;)Lorg/uqbar/project/wollok/interpreter/core/WollokObject;+7
j  org.uqbar.project.wollok.interpreter.AbstractWollokCallable.call(Lorg/uqbar/project/wollok/wollokDsl/WMethodDeclaration;[Lorg/uqbar/project/wollok/interpreter/core/WollokObject;)Lorg/uqbar/project/wollok/interpreter/core/WollokObject;+38
j  org.uqbar.project.wollok.interpreter.core.WollokObject.call(Ljava/lang/String;[Lorg/uqbar/project/wollok/interpreter/core/WollokObject;)Lorg/uqbar/project/wollok/interpreter/core/WollokObject;+55
j  org.uqbar.project.wollok.interpreter.WollokInterpreterEvaluator._evaluate(Lorg/uqbar/project/wollok/wollokDsl/WFeatureCall;)Lorg/uqbar/project/wollok/interpreter/core/WollokObject;+119
j  org.uqbar.project.wollok.launch.WollokLauncherInterpreterEvaluator.evaluate(Lorg/eclipse/emf/ecore/EObject;)Lorg/uqbar/project/wollok/interpreter/core/WollokObject;+412
j  org.uqbar.project.wollok.interpreter.WollokInterpreterEvaluator.evaluate(Lorg/eclipse/emf/ecore/EObject;)Ljava/lang/Object;+2
j  org.uqbar.project.wollok.interpreter.WollokInterpreter.eval(Lorg/eclipse/emf/ecore/EObject;)Lorg/uqbar/project/wollok/interpreter/core/WollokObject;+63
j  org.uqbar.project.wollok.interpreter.WollokInterpreterEvaluator.eval(Lorg/eclipse/emf/ecore/EObject;)Lorg/uqbar/project/wollok/interpreter/core/WollokObject;+5
j  org.uqbar.project.wollok.interpreter.WollokInterpreterEvaluator$1.apply(Lorg/uqbar/project/wollok/interpreter/core/WollokObject;Lorg/eclipse/emf/ecore/EObject;)Lorg/uqbar/project/wollok/interpreter/core/WollokObject;+5
j  org.uqbar.project.wollok.interpreter.WollokInterpreterEvaluator$1.apply(Ljava/lang/Object;Ljava/lang/Object;)Ljava/lang/Object;+9
j  org.eclipse.xtext.xbase.lib.IteratorExtensions.fold(Ljava/util/Iterator;Ljava/lang/Object;Lorg/eclipse/xtext/xbase/lib/Functions$Function2;)Ljava/lang/Object;+19
j  org.eclipse.xtext.xbase.lib.IterableExtensions.fold(Ljava/lang/Iterable;Ljava/lang/Object;Lorg/eclipse/xtext/xbase/lib/Functions$Function2;)Ljava/lang/Object;+8
j  org.uqbar.project.wollok.interpreter.WollokInterpreterEvaluator.evalAll(Ljava/lang/Iterable;)Lorg/uqbar/project/wollok/interpreter/core/WollokObject;+12
j  org.uqbar.project.wollok.interpreter.WollokInterpreterEvaluator._evaluate(Lorg/uqbar/project/wollok/wollokDsl/WBlockExpression;)Lorg/uqbar/project/wollok/interpreter/core/WollokObject;+34
j  org.uqbar.project.wollok.launch.WollokLauncherInterpreterEvaluator.evaluate(Lorg/eclipse/emf/ecore/EObject;)Lorg/uqbar/project/wollok/interpreter/core/WollokObject;+76
j  org.uqbar.project.wollok.interpreter.WollokInterpreterEvaluator.evaluate(Lorg/eclipse/emf/ecore/EObject;)Ljava/lang/Object;+2
j  org.uqbar.project.wollok.interpreter.WollokInterpreter.eval(Lorg/eclipse/emf/ecore/EObject;)Lorg/uqbar/project/wollok/interpreter/core/WollokObject;+63
j  org.uqbar.project.wollok.interpreter.AbstractWollokCallable.eval(Lorg/eclipse/emf/ecore/EObject;)Lorg/uqbar/project/wollok/interpreter/core/WollokObject;+5
j  org.uqbar.project.wollok.interpreter.AbstractWollokCallable$1.apply()Lorg/uqbar/project/wollok/interpreter/core/WollokObject;+110
j  org.uqbar.project.wollok.interpreter.AbstractWollokCallable$1.apply()Ljava/lang/Object;+1
j  org.uqbar.project.wollok.interpreter.threads.WThread.performOnStack(Lorg/eclipse/emf/ecore/EObject;Lorg/uqbar/project/wollok/interpreter/context/EvaluationContext;Lorg/eclipse/xtext/xbase/lib/Functions$Function0;)Lorg/uqbar/project/wollok/interpreter/core/WollokObject;+29
j  org.uqbar.project.wollok.interpreter.WollokInterpreter.performOnStack(Lorg/eclipse/emf/ecore/EObject;Lorg/uqbar/project/wollok/interpreter/context/EvaluationContext;Lorg/eclipse/xtext/xbase/lib/Functions$Function0;)Lorg/uqbar/project/wollok/interpreter/core/WollokObject;+7
j  org.uqbar.project.wollok.interpreter.AbstractWollokCallable.call(Lorg/uqbar/project/wollok/wollokDsl/WMethodDeclaration;[Lorg/uqbar/project/wollok/interpreter/core/WollokObject;)Lorg/uqbar/project/wollok/interpreter/core/WollokObject;+38
j  org.uqbar.project.wollok.interpreter.core.WollokObject.call(Ljava/lang/String;[Lorg/uqbar/project/wollok/interpreter/core/WollokObject;)Lorg/uqbar/project/wollok/interpreter/core/WollokObject;+55
j  org.uqbar.project.wollok.interpreter.WollokInterpreterEvaluator._evaluate(Lorg/uqbar/project/wollok/wollokDsl/WFeatureCall;)Lorg/uqbar/project/wollok/interpreter/core/WollokObject;+119
j  org.uqbar.project.wollok.launch.WollokLauncherInterpreterEvaluator.evaluate(Lorg/eclipse/emf/ecore/EObject;)Lorg/uqbar/project/wollok/interpreter/core/WollokObject;+412
j  org.uqbar.project.wollok.interpreter.WollokInterpreterEvaluator.evaluate(Lorg/eclipse/emf/ecore/EObject;)Ljava/lang/Object;+2
j  org.uqbar.project.wollok.interpreter.WollokInterpreter.eval(Lorg/eclipse/emf/ecore/EObject;)Lorg/uqbar/project/wollok/interpreter/core/WollokObject;+63
j  org.uqbar.project.wollok.interpreter.WollokInterpreterEvaluator.eval(Lorg/eclipse/emf/ecore/EObject;)Lorg/uqbar/project/wollok/interpreter/core/WollokObject;+5
j  org.uqbar.project.wollok.interpreter.WollokInterpreterEvaluator$1.apply(Lorg/uqbar/project/wollok/interpreter/core/WollokObject;Lorg/eclipse/emf/ecore/EObject;)Lorg/uqbar/project/wollok/interpreter/core/WollokObject;+5
j  org.uqbar.project.wollok.interpreter.WollokInterpreterEvaluator$1.apply(Ljava/lang/Object;Ljava/lang/Object;)Ljava/lang/Object;+9
j  org.eclipse.xtext.xbase.lib.IteratorExtensions.fold(Ljava/util/Iterator;Ljava/lang/Object;Lorg/eclipse/xtext/xbase/lib/Functions$Function2;)Ljava/lang/Object;+19
j  org.eclipse.xtext.xbase.lib.IterableExtensions.fold(Ljava/lang/Iterable;Ljava/lang/Object;Lorg/eclipse/xtext/xbase/lib/Functions$Function2;)Ljava/lang/Object;+8
j  org.uqbar.project.wollok.interpreter.WollokInterpreterEvaluator.evalAll(Ljava/lang/Iterable;)Lorg/uqbar/project/wollok/interpreter/core/WollokObject;+12
j  org.uqbar.project.wollok.interpreter.WollokInterpreterEvaluator._evaluate(Lorg/uqbar/project/wollok/wollokDsl/WProgram;)Lorg/uqbar/project/wollok/interpreter/core/WollokObject;+18
j  org.uqbar.project.wollok.launch.WollokLauncherInterpreterEvaluator.evaluate(Lorg/eclipse/emf/ecore/EObject;)Lorg/uqbar/project/wollok/interpreter/core/WollokObject;+444
j  org.uqbar.project.wollok.interpreter.WollokInterpreterEvaluator.evaluate(Lorg/eclipse/emf/ecore/EObject;)Ljava/lang/Object;+2
j  org.uqbar.project.wollok.interpreter.WollokInterpreter.eval(Lorg/eclipse/emf/ecore/EObject;)Lorg/uqbar/project/wollok/interpreter/core/WollokObject;+63
j  org.uqbar.project.wollok.interpreter.WollokInterpreterEvaluator.eval(Lorg/eclipse/emf/ecore/EObject;)Lorg/uqbar/project/wollok/interpreter/core/WollokObject;+5
j  org.uqbar.project.wollok.launch.WollokLauncherInterpreterEvaluator._evaluate(Lorg/uqbar/project/wollok/wollokDsl/WFile;)Lorg/uqbar/project/wollok/interpreter/core/WollokObject;+32
j  org.uqbar.project.wollok.launch.WollokLauncherInterpreterEvaluator.evaluate(Lorg/eclipse/emf/ecore/EObject;)Lorg/uqbar/project/wollok/interpreter/core/WollokObject;+428
j  org.uqbar.project.wollok.interpreter.WollokInterpreterEvaluator.evaluate(Lorg/eclipse/emf/ecore/EObject;)Ljava/lang/Object;+2
j  org.uqbar.project.wollok.interpreter.WollokInterpreter.interpret(Lorg/eclipse/emf/ecore/EObject;Ljava/lang/Boolean;)Lorg/uqbar/project/wollok/interpreter/core/WollokObject;+25
j  org.uqbar.project.wollok.interpreter.WollokInterpreter.interpret(Lorg/eclipse/emf/ecore/EObject;)Lorg/uqbar/project/wollok/interpreter/core/WollokObject;+8
j  org.uqbar.project.wollok.launch.WollokLauncher.doSomething(Lorg/uqbar/project/wollok/wollokDsl/WFile;Lcom/google/inject/Injector;Ljava/io/File;Lorg/uqbar/project/wollok/launch/WollokLauncherParameters;)V+109
j  org.uqbar.project.wollok.launch.WollokChecker.launch(Ljava/lang/String;Lorg/uqbar/project/wollok/launch/WollokLauncherParameters;)V+31
j  org.uqbar.project.wollok.launch.WollokChecker.doMain([Ljava/lang/String;)V+205
j  org.uqbar.project.wollok.launch.WollokLauncher.main([Ljava/lang/String;)V+8
v  ~StubRoutines::call_stub

---------------  P R O C E S S  ---------------

Java Threads: ( => current thread )
  0x000001ff7bbc7000 JavaThread "com.google.inject.internal.util.$Finalizer" daemon [_thread_blocked, id=19444, stack(0x000000a9b2e00000,0x000000a9b2f00000)]
  0x000001ff7bb01000 JavaThread "EMF Reference Cleaner" daemon [_thread_blocked, id=1340, stack(0x000000a9b2d00000,0x000000a9b2e00000)]
  0x000001ff7af0d800 JavaThread "Service Thread" daemon [_thread_blocked, id=11648, stack(0x000000a9b2b00000,0x000000a9b2c00000)]
  0x000001ff78a38000 JavaThread "C1 CompilerThread3" daemon [_thread_blocked, id=19276, stack(0x000000a9b2a00000,0x000000a9b2b00000)]
  0x000001ff78a33000 JavaThread "C2 CompilerThread2" daemon [_thread_blocked, id=17072, stack(0x000000a9b2900000,0x000000a9b2a00000)]
  0x000001ff78a2b000 JavaThread "C2 CompilerThread1" daemon [_thread_blocked, id=628, stack(0x000000a9b2800000,0x000000a9b2900000)]
  0x000001ff78a28800 JavaThread "C2 CompilerThread0" daemon [_thread_blocked, id=11204, stack(0x000000a9b2700000,0x000000a9b2800000)]
  0x000001ff78a27000 JavaThread "Attach Listener" daemon [_thread_blocked, id=7448, stack(0x000000a9b2600000,0x000000a9b2700000)]
  0x000001ff78a25800 JavaThread "Signal Dispatcher" daemon [_thread_blocked, id=12056, stack(0x000000a9b2500000,0x000000a9b2600000)]
  0x000001ff78a04800 JavaThread "Finalizer" daemon [_thread_blocked, id=7452, stack(0x000000a9b2400000,0x000000a9b2500000)]
  0x000001ff789dc000 JavaThread "Reference Handler" daemon [_thread_blocked, id=12140, stack(0x000000a9b2300000,0x000000a9b2400000)]
=>0x000001ff5deed800 JavaThread "main" [_thread_in_native, id=17840, stack(0x000000a9b1700000,0x000000a9b1800000)]

Other Threads:
  0x000001ff789d4000 VMThread [stack: 0x000000a9b2200000,0x000000a9b2300000] [id=9584]
  0x000001ff7af1c800 WatcherThread [stack: 0x000000a9b2c00000,0x000000a9b2d00000] [id=17736]

VM state:not at safepoint (normal execution)

VM Mutex/Monitor currently owned by a thread: None

heap address: 0x00000006c3400000, size: 4044 MB, Compressed Oops mode: Zero based, Oop shift amount: 3
Narrow klass base: 0x0000000000000000, Narrow klass shift: 3
Compressed class space size: 1073741824 Address: 0x00000007c0000000

Heap:
 PSYoungGen      total 140800K, used 5401K [0x000000076bc00000, 0x000000077cf00000, 0x00000007c0000000)
  eden space 130048K, 4% used [0x000000076bc00000,0x000000076c146518,0x0000000773b00000)
  from space 10752K, 0% used [0x0000000773b00000,0x0000000773b00000,0x0000000774580000)
  to   space 10752K, 0% used [0x000000077c480000,0x000000077c480000,0x000000077cf00000)
 ParOldGen       total 131584K, used 18806K [0x00000006c3400000, 0x00000006cb480000, 0x000000076bc00000)
  object space 131584K, 14% used [0x00000006c3400000,0x00000006c465d948,0x00000006cb480000)
 Metaspace       used 21704K, capacity 21958K, committed 22144K, reserved 1069056K
  class space    used 2766K, capacity 2861K, committed 2944K, reserved 1048576K

Card table byte_map: [0x000001ff6ebc0000,0x000001ff6f3b0000] byte_map_base: 0x000001ff6b5a6000

Marking Bits: (ParMarkBitMap*) 0x00007ffedf0370d0
 Begin Bits: [0x000001ff6f900000, 0x000001ff73830000)
 End Bits:   [0x000001ff73830000, 0x000001ff77760000)

Polling page: 0x000001ff5dfd0000

CodeCache: size=245760Kb used=10959Kb max_used=10962Kb free=234800Kb
 bounds [0x000001ff5f800000, 0x000001ff602c0000, 0x000001ff6e800000]
 total_blobs=3788 nmethods=3330 adapters=368
 compilation: enabled

Compilation events (10 events):
Event: 1.458 Thread 0x000001ff78a38000 nmethod 3325 0x000001ff602b9f10 code [0x000001ff602ba080, 0x000001ff602ba2f8]
Event: 1.458 Thread 0x000001ff78a38000 3326       3       java.nio.DirectByteBuffer::ix (10 bytes)
Event: 1.459 Thread 0x000001ff78a38000 nmethod 3326 0x000001ff602ba410 code [0x000001ff602ba560, 0x000001ff602ba6b8]
Event: 1.459 Thread 0x000001ff78a38000 3328       3       java.nio.DirectByteBuffer::put (18 bytes)
Event: 1.459 Thread 0x000001ff78a38000 nmethod 3328 0x000001ff602ba750 code [0x000001ff602ba8c0, 0x000001ff602bab38]
Event: 1.459 Thread 0x000001ff78a38000 3329       1       java.nio.DirectByteBuffer::ix (10 bytes)
Event: 1.459 Thread 0x000001ff78a38000 nmethod 3329 0x000001ff602bac50 code [0x000001ff602bada0, 0x000001ff602baeb8]
Event: 1.460 Thread 0x000001ff78a33000 nmethod 3324 0x000001ff602bdd50 code [0x000001ff602bdec0, 0x000001ff602be108]
Event: 1.461 Thread 0x000001ff78a38000 3330       3       java.io.WinNTFileSystem::parentOrNull (171 bytes)
Event: 1.461 Thread 0x000001ff78a38000 nmethod 3330 0x000001ff602bc890 code [0x000001ff602bcac0, 0x000001ff602bd840]

GC Heap History (8 events):
Event: 0.450 GC heap before
{Heap before GC invocations=1 (full 0):
 PSYoungGen      total 75776K, used 65024K [0x000000076bc00000, 0x0000000771080000, 0x00000007c0000000)
  eden space 65024K, 100% used [0x000000076bc00000,0x000000076fb80000,0x000000076fb80000)
  from space 10752K, 0% used [0x0000000770600000,0x0000000770600000,0x0000000771080000)
  to   space 10752K, 0% used [0x000000076fb80000,0x000000076fb80000,0x0000000770600000)
 ParOldGen       total 173568K, used 0K [0x00000006c3400000, 0x00000006cdd80000, 0x000000076bc00000)
  object space 173568K, 0% used [0x00000006c3400000,0x00000006c3400000,0x00000006cdd80000)
 Metaspace       used 9881K, capacity 10016K, committed 10368K, reserved 1058816K
  class space    used 1211K, capacity 1288K, committed 1408K, reserved 1048576K
Event: 0.455 GC heap after
Heap after GC invocations=1 (full 0):
 PSYoungGen      total 75776K, used 10747K [0x000000076bc00000, 0x0000000775000000, 0x00000007c0000000)
  eden space 65024K, 0% used [0x000000076bc00000,0x000000076bc00000,0x000000076fb80000)
  from space 10752K, 99% used [0x000000076fb80000,0x00000007705feed0,0x0000000770600000)
  to   space 10752K, 0% used [0x0000000774580000,0x0000000774580000,0x0000000775000000)
 ParOldGen       total 173568K, used 2690K [0x00000006c3400000, 0x00000006cdd80000, 0x000000076bc00000)
  object space 173568K, 1% used [0x00000006c3400000,0x00000006c36a0868,0x00000006cdd80000)
 Metaspace       used 9881K, capacity 10016K, committed 10368K, reserved 1058816K
  class space    used 1211K, capacity 1288K, committed 1408K, reserved 1048576K
}
Event: 0.857 GC heap before
{Heap before GC invocations=2 (full 0):
 PSYoungGen      total 75776K, used 75771K [0x000000076bc00000, 0x0000000775000000, 0x00000007c0000000)
  eden space 65024K, 100% used [0x000000076bc00000,0x000000076fb80000,0x000000076fb80000)
  from space 10752K, 99% used [0x000000076fb80000,0x00000007705feed0,0x0000000770600000)
  to   space 10752K, 0% used [0x0000000774580000,0x0000000774580000,0x0000000775000000)
 ParOldGen       total 173568K, used 2690K [0x00000006c3400000, 0x00000006cdd80000, 0x000000076bc00000)
  object space 173568K, 1% used [0x00000006c3400000,0x00000006c36a0868,0x00000006cdd80000)
 Metaspace       used 16363K, capacity 16578K, committed 16768K, reserved 1064960K
  class space    used 2074K, capacity 2163K, committed 2176K, reserved 1048576K
Event: 0.864 GC heap after
Heap after GC invocations=2 (full 0):
 PSYoungGen      total 140800K, used 10736K [0x000000076bc00000, 0x0000000775000000, 0x00000007c0000000)
  eden space 130048K, 0% used [0x000000076bc00000,0x000000076bc00000,0x0000000773b00000)
  from space 10752K, 99% used [0x0000000774580000,0x0000000774ffc040,0x0000000775000000)
  to   space 10752K, 0% used [0x0000000773b00000,0x0000000773b00000,0x0000000774580000)
 ParOldGen       total 173568K, used 9978K [0x00000006c3400000, 0x00000006cdd80000, 0x000000076bc00000)
  object space 173568K, 5% used [0x00000006c3400000,0x00000006c3dbe8e8,0x00000006cdd80000)
 Metaspace       used 16363K, capacity 16578K, committed 16768K, reserved 1064960K
  class space    used 2074K, capacity 2163K, committed 2176K, reserved 1048576K
}
Event: 1.349 GC heap before
{Heap before GC invocations=3 (full 0):
 PSYoungGen      total 140800K, used 76123K [0x000000076bc00000, 0x0000000775000000, 0x00000007c0000000)
  eden space 130048K, 50% used [0x000000076bc00000,0x000000076fbdaf40,0x0000000773b00000)
  from space 10752K, 99% used [0x0000000774580000,0x0000000774ffc040,0x0000000775000000)
  to   space 10752K, 0% used [0x0000000773b00000,0x0000000773b00000,0x0000000774580000)
 ParOldGen       total 173568K, used 9978K [0x00000006c3400000, 0x00000006cdd80000, 0x000000076bc00000)
  object space 173568K, 5% used [0x00000006c3400000,0x00000006c3dbe8e8,0x00000006cdd80000)
 Metaspace       used 20845K, capacity 21062K, committed 21248K, reserved 1067008K
  class space    used 2666K, capacity 2733K, committed 2816K, reserved 1048576K
Event: 1.358 GC heap after
Heap after GC invocations=3 (full 0):
 PSYoungGen      total 140800K, used 10747K [0x000000076bc00000, 0x000000077cf00000, 0x00000007c0000000)
  eden space 130048K, 0% used [0x000000076bc00000,0x000000076bc00000,0x0000000773b00000)
  from space 10752K, 99% used [0x0000000773b00000,0x000000077457ed80,0x0000000774580000)
  to   space 10752K, 0% used [0x000000077c480000,0x000000077c480000,0x000000077cf00000)
 ParOldGen       total 173568K, used 17196K [0x00000006c3400000, 0x00000006cdd80000, 0x000000076bc00000)
  object space 173568K, 9% used [0x00000006c3400000,0x00000006c44cb150,0x00000006cdd80000)
 Metaspace       used 20845K, capacity 21062K, committed 21248K, reserved 1067008K
  class space    used 2666K, capacity 2733K, committed 2816K, reserved 1048576K
}
Event: 1.358 GC heap before
{Heap before GC invocations=4 (full 1):
 PSYoungGen      total 140800K, used 10747K [0x000000076bc00000, 0x000000077cf00000, 0x00000007c0000000)
  eden space 130048K, 0% used [0x000000076bc00000,0x000000076bc00000,0x0000000773b00000)
  from space 10752K, 99% used [0x0000000773b00000,0x000000077457ed80,0x0000000774580000)
  to   space 10752K, 0% used [0x000000077c480000,0x000000077c480000,0x000000077cf00000)
 ParOldGen       total 173568K, used 17196K [0x00000006c3400000, 0x00000006cdd80000, 0x000000076bc00000)
  object space 173568K, 9% used [0x00000006c3400000,0x00000006c44cb150,0x00000006cdd80000)
 Metaspace       used 20845K, capacity 21062K, committed 21248K, reserved 1067008K
  class space    used 2666K, capacity 2733K, committed 2816K, reserved 1048576K
Event: 1.385 GC heap after
Heap after GC invocations=4 (full 1):
 PSYoungGen      total 140800K, used 0K [0x000000076bc00000, 0x000000077cf00000, 0x00000007c0000000)
  eden space 130048K, 0% used [0x000000076bc00000,0x000000076bc00000,0x0000000773b00000)
  from space 10752K, 0% used [0x0000000773b00000,0x0000000773b00000,0x0000000774580000)
  to   space 10752K, 0% used [0x000000077c480000,0x000000077c480000,0x000000077cf00000)
 ParOldGen       total 131584K, used 18806K [0x00000006c3400000, 0x00000006cb480000, 0x000000076bc00000)
  object space 131584K, 14% used [0x00000006c3400000,0x00000006c465d948,0x00000006cb480000)
 Metaspace       used 20845K, capacity 21062K, committed 21248K, reserved 1067008K
  class space    used 2666K, capacity 2733K, committed 2816K, reserved 1048576K
}

Deoptimization events (10 events):
Event: 1.125 Thread 0x000001ff5deed800 Uncommon trap: reason=unstable_if action=reinterpret pc=0x000001ff5ffcc834 method=sun.nio.cs.UTF_8$Decoder.decodeArrayLoop(Ljava/nio/ByteBuffer;Ljava/nio/CharBuffer;)Ljava/nio/charset/CoderResult; @ 84
Event: 1.182 Thread 0x000001ff5deed800 Uncommon trap: reason=array_check action=maybe_recompile pc=0x000001ff600d9490 method=org.eclipse.emf.common.util.BasicEList.assign(ILjava/lang/Object;)Ljava/lang/Object; @ 6
Event: 1.182 Thread 0x000001ff5deed800 Uncommon trap: reason=array_check action=maybe_recompile pc=0x000001ff600d9490 method=org.eclipse.emf.common.util.BasicEList.assign(ILjava/lang/Object;)Ljava/lang/Object; @ 6
Event: 1.183 Thread 0x000001ff5deed800 Uncommon trap: reason=array_check action=maybe_recompile pc=0x000001ff600d9490 method=org.eclipse.emf.common.util.BasicEList.assign(ILjava/lang/Object;)Ljava/lang/Object; @ 6
Event: 1.183 Thread 0x000001ff5deed800 Uncommon trap: reason=array_check action=maybe_recompile pc=0x000001ff600d9490 method=org.eclipse.emf.common.util.BasicEList.assign(ILjava/lang/Object;)Ljava/lang/Object; @ 6
Event: 1.213 Thread 0x000001ff5deed800 Uncommon trap: reason=unstable_if action=reinterpret pc=0x000001ff5fd022f0 method=java.util.concurrent.ConcurrentHashMap.putVal(Ljava/lang/Object;Ljava/lang/Object;Z)Ljava/lang/Object; @ 181
Event: 1.245 Thread 0x000001ff5deed800 Uncommon trap: reason=unstable_if action=reinterpret pc=0x000001ff5fa11c1c method=java.lang.ThreadLocal$ThreadLocalMap.getEntry(Ljava/lang/ThreadLocal;)Ljava/lang/ThreadLocal$ThreadLocalMap$Entry; @ 29
Event: 1.250 Thread 0x000001ff5deed800 Uncommon trap: reason=unstable_if action=reinterpret pc=0x000001ff5fa1132c method=java.lang.ThreadLocal$ThreadLocalMap.getEntry(Ljava/lang/ThreadLocal;)Ljava/lang/ThreadLocal$ThreadLocalMap$Entry; @ 29
Event: 1.270 Thread 0x000001ff5deed800 Uncommon trap: reason=unstable_if action=reinterpret pc=0x000001ff6016e5d4 method=org.uqbar.project.wollok.wollokDsl.impl.WMemberFeatureCallImpl.eIsSet(I)Z @ 104
Event: 1.401 Thread 0x000001ff5deed800 Uncommon trap: reason=unstable_if action=reinterpret pc=0x000001ff6020b2bc method=java.io.WinNTFileSystem.normalize(Ljava/lang/String;)Ljava/lang/String; @ 49

Classes redefined (0 events):
No events

Internal exceptions (10 events):
Event: 1.111 Thread 0x000001ff5deed800 Implicit null exception at 0x000001ff5ff53c9e to 0x000001ff5ff549c1
Event: 1.277 Thread 0x000001ff5deed800 Exception <a 'java/lang/reflect/InvocationTargetException'> (0x000000076ee431a0) thrown at [C:\jenkins\workspace\8-2-build-windows-x64-cygwin-sans-NAS\jdk8u411\893\hotspot\src\share\vm\runtime\reflection.cpp, line 1092]
Event: 1.277 Thread 0x000001ff5deed800 Exception <a 'java/lang/reflect/InvocationTargetException'> (0x000000076ee5f8f8) thrown at [C:\jenkins\workspace\8-2-build-windows-x64-cygwin-sans-NAS\jdk8u411\893\hotspot\src\share\vm\runtime\reflection.cpp, line 1092]
Event: 1.278 Thread 0x000001ff5deed800 Exception <a 'java/lang/reflect/InvocationTargetException'> (0x000000076ee7c138) thrown at [C:\jenkins\workspace\8-2-build-windows-x64-cygwin-sans-NAS\jdk8u411\893\hotspot\src\share\vm\runtime\reflection.cpp, line 1092]
Event: 1.463 Thread 0x000001ff5deed800 Exception <a 'java/security/PrivilegedActionException'> (0x000000076bfff0f8) thrown at [C:\jenkins\workspace\8-2-build-windows-x64-cygwin-sans-NAS\jdk8u411\893\hotspot\src\share\vm\prims\jvm.cpp, line 1513]
Event: 1.463 Thread 0x000001ff5deed800 Exception <a 'java/security/PrivilegedActionException'> (0x000000076c000628) thrown at [C:\jenkins\workspace\8-2-build-windows-x64-cygwin-sans-NAS\jdk8u411\893\hotspot\src\share\vm\prims\jvm.cpp, line 1513]
Event: 1.463 Thread 0x000001ff5deed800 Exception <a 'java/security/PrivilegedActionException'> (0x000000076c001a58) thrown at [C:\jenkins\workspace\8-2-build-windows-x64-cygwin-sans-NAS\jdk8u411\893\hotspot\src\share\vm\prims\jvm.cpp, line 1513]
Event: 1.463 Thread 0x000001ff5deed800 Exception <a 'java/security/PrivilegedActionException'> (0x000000076c003118) thrown at [C:\jenkins\workspace\8-2-build-windows-x64-cygwin-sans-NAS\jdk8u411\893\hotspot\src\share\vm\prims\jvm.cpp, line 1513]
Event: 1.463 Thread 0x000001ff5deed800 Exception <a 'java/security/PrivilegedActionException'> (0x000000076c004510) thrown at [C:\jenkins\workspace\8-2-build-windows-x64-cygwin-sans-NAS\jdk8u411\893\hotspot\src\share\vm\prims\jvm.cpp, line 1513]
Event: 1.463 Thread 0x000001ff5deed800 Exception <a 'java/security/PrivilegedActionException'> (0x000000076c0058d8) thrown at [C:\jenkins\workspace\8-2-build-windows-x64-cygwin-sans-NAS\jdk8u411\893\hotspot\src\share\vm\prims\jvm.cpp, line 1513]

Events (10 events):
Event: 1.476 loading class org/lwjgl/openal/ALCdevice
Event: 1.476 loading class org/lwjgl/openal/ALCdevice done
Event: 1.476 loading class org/lwjgl/openal/ALCcontext
Event: 1.476 loading class org/lwjgl/openal/ALCcontext done
Event: 1.477 loading class java/nio/DirectIntBufferU
Event: 1.477 loading class java/nio/DirectIntBufferU done
Event: 1.477 loading class org/lwjgl/openal/Util
Event: 1.477 loading class org/lwjgl/openal/Util done
Event: 1.477 loading class org/lwjgl/openal/OpenALException
Event: 1.477 loading class org/lwjgl/openal/OpenALException done


Dynamic libraries:
0x00007ff76efc0000 - 0x00007ff76f00a000 	C:\Program Files\Java\jre-1.8\bin\javaw.exe
0x00007fff56dd0000 - 0x00007fff56fc8000 	C:\WINDOWS\SYSTEM32\ntdll.dll
0x00007fff558a0000 - 0x00007fff5595d000 	C:\WINDOWS\System32\KERNEL32.DLL
0x00007fff548b0000 - 0x00007fff54ba6000 	C:\WINDOWS\System32\KERNELBASE.dll
0x00007fff56ce0000 - 0x00007fff56d90000 	C:\WINDOWS\System32\ADVAPI32.dll
0x00007fff56500000 - 0x00007fff5659e000 	C:\WINDOWS\System32\msvcrt.dll
0x00007fff55bc0000 - 0x00007fff55c60000 	C:\WINDOWS\System32\sechost.dll
0x00007fff56370000 - 0x00007fff56493000 	C:\WINDOWS\System32\RPCRT4.dll
0x00007fff54520000 - 0x00007fff54547000 	C:\WINDOWS\System32\bcrypt.dll
0x00007fff565d0000 - 0x00007fff5676f000 	C:\WINDOWS\System32\USER32.dll
0x00007fff546b0000 - 0x00007fff546d2000 	C:\WINDOWS\System32\win32u.dll
0x00007fff557a0000 - 0x00007fff557cb000 	C:\WINDOWS\System32\GDI32.dll
0x00007fff546e0000 - 0x00007fff547f7000 	C:\WINDOWS\System32\gdi32full.dll
0x00007fff54d70000 - 0x00007fff54e0d000 	C:\WINDOWS\System32\msvcp_win.dll
0x00007fff54c20000 - 0x00007fff54d20000 	C:\WINDOWS\System32\ucrtbase.dll
0x00007fff37a20000 - 0x00007fff37cba000 	C:\WINDOWS\WinSxS\amd64_microsoft.windows.common-controls_6595b64144ccf1df_6.0.19041.4355_none_60b8b9eb71f62e16\COMCTL32.dll
0x00007fff565a0000 - 0x00007fff565cf000 	C:\WINDOWS\System32\IMM32.DLL
0x00007fff4ccd0000 - 0x00007fff4cceb000 	C:\Program Files\Java\jre-1.8\bin\vcruntime140.dll
0x00007fff4f310000 - 0x00007fff4f31c000 	C:\Program Files\Java\jre-1.8\bin\vcruntime140_1.dll
0x00007fff1da10000 - 0x00007fff1da9e000 	C:\Program Files\Java\jre-1.8\bin\msvcp140.dll
0x00007ffede800000 - 0x00007ffedf0b1000 	C:\Program Files\Java\jre-1.8\bin\server\jvm.dll
0x00007fff557d0000 - 0x00007fff557d8000 	C:\WINDOWS\System32\PSAPI.DLL
0x00007fff4ecc0000 - 0x00007fff4ecc9000 	C:\WINDOWS\SYSTEM32\WSOCK32.dll
0x00007fff4da10000 - 0x00007fff4da1a000 	C:\WINDOWS\SYSTEM32\VERSION.dll
0x00007fff4b010000 - 0x00007fff4b037000 	C:\WINDOWS\SYSTEM32\WINMM.dll
0x00007fff56150000 - 0x00007fff561bb000 	C:\WINDOWS\System32\WS2_32.dll
0x00007fff52250000 - 0x00007fff52262000 	C:\WINDOWS\SYSTEM32\kernel.appcore.dll
0x00007fff43010000 - 0x00007fff43020000 	C:\Program Files\Java\jre-1.8\bin\verify.dll
0x00007fff2b440000 - 0x00007fff2b46b000 	C:\Program Files\Java\jre-1.8\bin\java.dll
0x00007fff32ef0000 - 0x00007fff32f08000 	C:\Program Files\Java\jre-1.8\bin\zip.dll
0x00007fff54fd0000 - 0x00007fff5573c000 	C:\WINDOWS\System32\SHELL32.dll
0x00007fff52530000 - 0x00007fff52ccd000 	C:\WINDOWS\SYSTEM32\windows.storage.dll
0x00007fff56850000 - 0x00007fff56ba3000 	C:\WINDOWS\System32\combase.dll
0x00007fff53eb0000 - 0x00007fff53ede000 	C:\WINDOWS\SYSTEM32\Wldp.dll
0x00007fff55960000 - 0x00007fff55a2d000 	C:\WINDOWS\System32\OLEAUT32.dll
0x00007fff557e0000 - 0x00007fff5588d000 	C:\WINDOWS\System32\SHCORE.dll
0x00007fff56770000 - 0x00007fff567c5000 	C:\WINDOWS\System32\shlwapi.dll
0x00007fff543c0000 - 0x00007fff543e4000 	C:\WINDOWS\SYSTEM32\profapi.dll
0x0000000065580000 - 0x0000000065616000 	C:\Users\Fran\AppData\Local\Temp\libgdxFran\12dfaa03\gdx64.dll
0x00007fff53e00000 - 0x00007fff53e18000 	C:\WINDOWS\SYSTEM32\CRYPTSP.dll
0x00007fff53460000 - 0x00007fff53494000 	C:\WINDOWS\system32\rsaenh.dll
0x00007fff54330000 - 0x00007fff5435e000 	C:\WINDOWS\SYSTEM32\USERENV.dll
0x00007fff54490000 - 0x00007fff54512000 	C:\WINDOWS\System32\bcryptprimitives.dll
0x00007fff53e20000 - 0x00007fff53e2c000 	C:\WINDOWS\SYSTEM32\CRYPTBASE.dll
0x00007fff32db0000 - 0x00007fff32dcc000 	C:\Program Files\Java\jre-1.8\bin\net.dll
0x00007fff53ba0000 - 0x00007fff53c0a000 	C:\WINDOWS\system32\mswsock.dll
0x00007fff53820000 - 0x00007fff5385b000 	C:\WINDOWS\SYSTEM32\IPHLPAPI.DLL
0x00007fff54e10000 - 0x00007fff54e18000 	C:\WINDOWS\System32\NSI.dll
0x00007fff4f280000 - 0x00007fff4f297000 	C:\WINDOWS\SYSTEM32\dhcpcsvc6.DLL
0x00007fff4f260000 - 0x00007fff4f27d000 	C:\WINDOWS\SYSTEM32\dhcpcsvc.DLL
0x00007fff53860000 - 0x00007fff5392a000 	C:\WINDOWS\SYSTEM32\DNSAPI.dll
0x00007fff30860000 - 0x00007fff30873000 	C:\Program Files\Java\jre-1.8\bin\nio.dll
0x0000000180000000 - 0x0000000180053000 	C:\Users\Fran\AppData\Local\Temp\libgdxFran\dc0f0009\lwjgl64.dll
0x00007ffef01b0000 - 0x00007ffef02d5000 	C:\WINDOWS\SYSTEM32\OPENGL32.dll
0x00007ffef5560000 - 0x00007ffef558c000 	C:\WINDOWS\SYSTEM32\GLU32.dll
0x000001ff7f9b0000 - 0x000001ff7fa14000 	C:\Users\Fran\AppData\Local\Temp\libgdxFran\dc0f0009\OpenAL64.dll
0x00007fff56bb0000 - 0x00007fff56cdb000 	C:\WINDOWS\System32\ole32.dll
0x00007fff51e50000 - 0x00007fff51eee000 	C:\WINDOWS\system32\uxtheme.dll
0x00007fff55a30000 - 0x00007fff55ad9000 	C:\WINDOWS\System32\clbcatq.dll
0x00007fff2bda0000 - 0x00007fff2be3c000 	C:\WINDOWS\SYSTEM32\dsound.dll
0x00007fff53db0000 - 0x00007fff53dfb000 	C:\WINDOWS\SYSTEM32\powrprof.dll
0x00007fff3c850000 - 0x00007fff3c876000 	C:\WINDOWS\SYSTEM32\winmmbase.dll
0x00007fff53c70000 - 0x00007fff53c82000 	C:\WINDOWS\SYSTEM32\UMPDC.dll
0x00007fff511e0000 - 0x00007fff51265000 	C:\WINDOWS\System32\MMDevApi.dll
0x00007fff54210000 - 0x00007fff54243000 	C:\WINDOWS\System32\DEVOBJ.dll
0x00007fff54d20000 - 0x00007fff54d6e000 	C:\WINDOWS\System32\cfgmgr32.dll
0x00007fff51300000 - 0x00007fff51481000 	C:\WINDOWS\SYSTEM32\AUDIOSES.DLL
0x00007fff4c9d0000 - 0x00007fff4cbb4000 	C:\WINDOWS\SYSTEM32\dbghelp.dll

VM Arguments:
jvm_args: -Duser.language=es_AR -Dfile.encoding=UTF-8 
java_command: org.uqbar.project.wollok.launch.WollokLauncher -requestsPort 0 -eventsPort 0 -folder -dontValidate -wf src/juego.wpgm
java_class_path (initial): C:\Users\Fran\Documents\Unahur\wollok-win32.win32.x86_64 (1)\workspace\TPGameIntegrador-moviluxe\bin;C:\Users\Fran\Documents\Unahur\wollok-win32.win32.x86_64 (1)\plugins\com.ibm.icu_64.2.0.v20190507-1337.jar;C:\Users\Fran\Documents\Unahur\wollok-win32.win32.x86_64 (1)\plugins\org.eclipse.xtext_2.20.0.v20191202-0915.jar;C:\Users\Fran\Documents\Unahur\wollok-win32.win32.x86_64 (1)\plugins\org.eclipse.emf.ecore.xmi_2.16.0.v20190528-0725.jar;C:\Users\Fran\Documents\Unahur\wollok-win32.win32.x86_64 (1)\plugins\org.eclipse.emf.ecore_2.20.0.v20190920-0401.jar;C:\Users\Fran\Documents\Unahur\wollok-win32.win32.x86_64 (1)\plugins\org.eclipse.emf.common_2.17.0.v20190920-0401.jar;C:\Users\Fran\Documents\Unahur\wollok-win32.win32.x86_64 (1)\plugins\org.antlr.runtime_3.2.0.v201101311130.jar;C:\Users\Fran\Documents\Unahur\wollok-win32.win32.x86_64 (1)\plugins\com.google.inject_3.0.0.v201605172100.jar;C:\Users\Fran\Documents\Unahur\wollok-win32.win32.x86_64 (1)\plugins\org.eclipse.emf.mwe.core_1.5.1.v20191121-1148.jar;C:\Users\Fran\Documents\Unahur\wollok-win32.win32.x86_64 (1)\plugins\org.apache.commons.cli_1.2.0.v201404270220.jar;C:\Users\Fran\Documents\Unahur\wollok-win32.win32.x86_64 (1)\plugins\org.eclipse.emf.mwe2.runtime_2.11.1.v20191121-1148.jar;C:\Users\Fran\Documents\Unahur\wollok-win32.win32.x86_64 (1)\plugins\org.eclipse.emf.mwe.utils_1.5.1.v20191121-1148.jar;C:\Users\Fran\Documents\Unahur\wollok-win32.win32.x86_64 (1)\plugins\org.eclipse.xtext.util_2.20.0.v20191202-0915.jar;C:\Users\Fran\Documents\Unahur\wollok-win32.win32.x86_64 (1)\plugins\com.google.guava_27.1.0.v20190517-1946.jar;C:\Users\Fran\Documents\Unahur\wollok-win32.win32.x86_64 (1)\plugins\javax.inject_1.0.0.v20091030.jar;C:\Users\Fran\Documents\Unahur\wollok-win32.win32.x86_64 (1)\plugins\org.eclipse.xtext.generator_2.20.0.v20191202-0933.jar;C:\Users\Fran\Documents\Unahur\wollok-win32.win32.x86_64 (1)\plugins\org.eclipse.xtext.xtext.generator_2.20.0.v20191202-0915.jar;C:\Users\
Launcher Type: SUN_STANDARD

Environment Variables:
PATH=C:/Program Files/Java/jre-1.8/bin/server;C:/Program Files/Java/jre-1.8/bin;C:/Program Files/Java/jre-1.8/lib/amd64;C:\Program Files (x86)\Common Files\Oracle\Java\java8path;C:\Program Files (x86)\Common Files\Oracle\Java\javapath;C:\Program Files\Eclipse Adoptium\jdk-8.0.402.6-hotspot\bin;C:\WINDOWS\system32;C:\WINDOWS;C:\WINDOWS\System32\Wbem;C:\WINDOWS\System32\WindowsPowerShell\v1.0\;C:\WINDOWS\System32\OpenSSH\;C:\Program Files\dotnet\;C:\Program Files (x86)\NVIDIA Corporation\PhysX\Common;C:\Program Files\NVIDIA Corporation\NVIDIA NvDLISR;C:\Program Files\Git\cmd;C:\Users\Fran\AppData\Local\Microsoft\WindowsApps;C:\Users\Fran\AppData\Local\Programs\Microsoft VS Code\bin;C:\Users\Fran\Documents\Unahur\wollok-win32.win32.x86_64 (1);
USERNAME=Fran
OS=Windows_NT
PROCESSOR_IDENTIFIER=AMD64 Family 25 Model 80 Stepping 0, AuthenticAMD



---------------  S Y S T E M  ---------------

OS: Windows 10 , 64 bit Build 19041 (10.0.19041.3636)

CPU:total 12 (initial active 12) (12 cores per cpu, 1 threads per core) family 25 model 80 stepping 0, cmov, cx8, fxsr, mmx, sse, sse2, sse3, ssse3, sse4.1, sse4.2, popcnt, avx, avx2, aes, clmul, erms, mmxext, 3dnowpref, lzcnt, sse4a, tsc, tscinvbit, tscinv, bmi1

Memory: 4k page, physical 16562228k(9339056k free), swap 22067252k(10766516k free)

vm_info: Java HotSpot(TM) 64-Bit Server VM (25.411-b09) for windows-amd64 JRE (1.8.0_411-b09), built on Mar 13 2024 07:26:13 by "java_re" with MS VC++ 17.1 (VS2022)

time: Fri Jul  5 19:32:26 2024
timezone: Hora estándar de Argentina
elapsed time: 1.495019 seconds (0d 0h 0m 1s)

